[INFO ][20180413 16:04:57,795][AbstractApplicationContext:510] Refreshing org.springframework.context.support.ClassPathXmlApplicationContext@9e89d68: startup date [Fri Apr 13 16:04:57 CST 2018]; root of context hierarchy
[INFO ][20180413 16:04:57,847][XmlBeanDefinitionReader:315] Loading XML bean definitions from class path resource [spring/spring-context.xml]
[INFO ][20180413 16:04:58,147][XmlBeanDefinitionReader:315] Loading XML bean definitions from class path resource [spring/spring-jdbc.xml]
[INFO ][20180413 16:04:58,175][XmlBeanDefinitionReader:315] Loading XML bean definitions from class path resource [spring/spring-context-service.xml]
[INFO ][20180413 16:04:58,430][XmlBeanDefinitionReader:315] Loading XML bean definitions from class path resource [spring/spring-mybatis.xml]
[INFO ][20180413 16:04:58,450][DefaultListableBeanFactory:665] Overriding bean definition for bean 'dataSource': replacing [Generic bean: class [com.alibaba.druid.pool.DruidDataSource]; scope=; abstract=false; lazyInit=false; autowireMode=0; dependencyCheck=0; autowireCandidate=true; primary=false; factoryBeanName=null; factoryMethodName=null; initMethodName=init; destroyMethodName=clone; defined in class path resource [spring/spring-jdbc.xml]] with [Generic bean: class [com.alibaba.druid.pool.DruidDataSource]; scope=; abstract=false; lazyInit=false; autowireMode=0; dependencyCheck=0; autowireCandidate=true; primary=false; factoryBeanName=null; factoryMethodName=null; initMethodName=init; destroyMethodName=clone; defined in class path resource [spring/spring-mybatis.xml]]
[INFO ][20180413 16:04:58,478][XmlBeanDefinitionReader:315] Loading XML bean definitions from class path resource [spring/spring-activemq.xml]
[INFO ][20180413 16:04:58,490][XmlBeanDefinitionReader:315] Loading XML bean definitions from class path resource [spring/spring-reconciliation.xml]
[INFO ][20180413 16:04:58,500][XmlBeanDefinitionReader:315] Loading XML bean definitions from class path resource [spring/spring-polling.xml]
[INFO ][20180413 16:04:58,511][XmlBeanDefinitionReader:315] Loading XML bean definitions from class path resource [spring/spring-activemq.xml]
[INFO ][20180413 16:04:58,518][DefaultListableBeanFactory:665] Overriding bean definition for bean 'jmsTemplate': replacing [Generic bean: class [org.springframework.jms.core.JmsTemplate]; scope=; abstract=false; lazyInit=false; autowireMode=0; dependencyCheck=0; autowireCandidate=true; primary=false; factoryBeanName=null; factoryMethodName=null; initMethodName=null; destroyMethodName=null; defined in class path resource [spring/spring-activemq.xml]] with [Generic bean: class [org.springframework.jms.core.JmsTemplate]; scope=; abstract=false; lazyInit=false; autowireMode=0; dependencyCheck=0; autowireCandidate=true; primary=false; factoryBeanName=null; factoryMethodName=null; initMethodName=null; destroyMethodName=null; defined in class path resource [spring/spring-activemq.xml]]
[INFO ][20180413 16:04:58,519][DefaultListableBeanFactory:665] Overriding bean definition for bean 'targetConnectionFactory': replacing [Generic bean: class [org.apache.activemq.ActiveMQConnectionFactory]; scope=; abstract=false; lazyInit=false; autowireMode=0; dependencyCheck=0; autowireCandidate=true; primary=false; factoryBeanName=null; factoryMethodName=null; initMethodName=null; destroyMethodName=null; defined in class path resource [spring/spring-activemq.xml]] with [Generic bean: class [org.apache.activemq.ActiveMQConnectionFactory]; scope=; abstract=false; lazyInit=false; autowireMode=0; dependencyCheck=0; autowireCandidate=true; primary=false; factoryBeanName=null; factoryMethodName=null; initMethodName=null; destroyMethodName=null; defined in class path resource [spring/spring-activemq.xml]]
[INFO ][20180413 16:04:58,519][DefaultListableBeanFactory:665] Overriding bean definition for bean 'pooledConnectionFactory': replacing [Generic bean: class [org.apache.activemq.pool.PooledConnectionFactory]; scope=; abstract=false; lazyInit=false; autowireMode=0; dependencyCheck=0; autowireCandidate=true; primary=false; factoryBeanName=null; factoryMethodName=null; initMethodName=null; destroyMethodName=null; defined in class path resource [spring/spring-activemq.xml]] with [Generic bean: class [org.apache.activemq.pool.PooledConnectionFactory]; scope=; abstract=false; lazyInit=false; autowireMode=0; dependencyCheck=0; autowireCandidate=true; primary=false; factoryBeanName=null; factoryMethodName=null; initMethodName=null; destroyMethodName=null; defined in class path resource [spring/spring-activemq.xml]]
[INFO ][20180413 16:04:58,520][DefaultListableBeanFactory:665] Overriding bean definition for bean 'connectionFactory': replacing [Generic bean: class [org.springframework.jms.connection.SingleConnectionFactory]; scope=; abstract=false; lazyInit=false; autowireMode=0; dependencyCheck=0; autowireCandidate=true; primary=false; factoryBeanName=null; factoryMethodName=null; initMethodName=null; destroyMethodName=null; defined in class path resource [spring/spring-activemq.xml]] with [Generic bean: class [org.springframework.jms.connection.SingleConnectionFactory]; scope=; abstract=false; lazyInit=false; autowireMode=0; dependencyCheck=0; autowireCandidate=true; primary=false; factoryBeanName=null; factoryMethodName=null; initMethodName=null; destroyMethodName=null; defined in class path resource [spring/spring-activemq.xml]]
[INFO ][20180413 16:04:58,520][DefaultListableBeanFactory:665] Overriding bean definition for bean 'queueDestination': replacing [Generic bean: class [org.apache.activemq.command.ActiveMQQueue]; scope=; abstract=false; lazyInit=false; autowireMode=0; dependencyCheck=0; autowireCandidate=true; primary=false; factoryBeanName=null; factoryMethodName=null; initMethodName=null; destroyMethodName=null; defined in class path resource [spring/spring-activemq.xml]] with [Generic bean: class [org.apache.activemq.command.ActiveMQQueue]; scope=; abstract=false; lazyInit=false; autowireMode=0; dependencyCheck=0; autowireCandidate=true; primary=false; factoryBeanName=null; factoryMethodName=null; initMethodName=null; destroyMethodName=null; defined in class path resource [spring/spring-activemq.xml]]
[INFO ][20180413 16:04:58,521][DefaultListableBeanFactory:665] Overriding bean definition for bean 'pollingMessageListener': replacing [Generic bean: class [com.roncoo.pay.app.polling.listener.PollingMessageListener]; scope=; abstract=false; lazyInit=false; autowireMode=0; dependencyCheck=0; autowireCandidate=true; primary=false; factoryBeanName=null; factoryMethodName=null; initMethodName=null; destroyMethodName=null; defined in class path resource [spring/spring-activemq.xml]] with [Generic bean: class [com.roncoo.pay.app.polling.listener.PollingMessageListener]; scope=; abstract=false; lazyInit=false; autowireMode=0; dependencyCheck=0; autowireCandidate=true; primary=false; factoryBeanName=null; factoryMethodName=null; initMethodName=null; destroyMethodName=null; defined in class path resource [spring/spring-activemq.xml]]
[INFO ][20180413 16:04:58,523][DefaultListableBeanFactory:665] Overriding bean definition for bean 'jmsContainer': replacing [Generic bean: class [org.springframework.jms.listener.DefaultMessageListenerContainer]; scope=; abstract=false; lazyInit=false; autowireMode=0; dependencyCheck=0; autowireCandidate=true; primary=false; factoryBeanName=null; factoryMethodName=null; initMethodName=null; destroyMethodName=null; defined in class path resource [spring/spring-activemq.xml]] with [Generic bean: class [org.springframework.jms.listener.DefaultMessageListenerContainer]; scope=; abstract=false; lazyInit=false; autowireMode=0; dependencyCheck=0; autowireCandidate=true; primary=false; factoryBeanName=null; factoryMethodName=null; initMethodName=null; destroyMethodName=null; defined in class path resource [spring/spring-activemq.xml]]
[INFO ][20180413 16:04:58,784][PropertiesLoaderSupport:172] Loading properties file from class path resource [mq_config.properties]
[INFO ][20180413 16:04:58,785][PropertiesLoaderSupport:172] Loading properties file from class path resource [jdbc.properties]
[INFO ][20180413 16:04:58,851][DefaultListableBeanFactory:598] Pre-instantiating singletons in org.springframework.beans.factory.support.DefaultListableBeanFactory@51c8530f: defining beans [org.springframework.context.annotation.internalConfigurationAnnotationProcessor,org.springframework.context.annotation.internalAutowiredAnnotationProcessor,org.springframework.context.annotation.internalRequiredAnnotationProcessor,org.springframework.context.annotation.internalCommonAnnotationProcessor,pollingPersist,pollingQueue,org.springframework.aop.config.internalAutoProxyCreator,dataSource,rpAccountDaoImpl,rpAccountHistoryDaoImpl,rpSettDailyCollectDaoImpl,rpSettRecordAnnexDaoImpl,rpSettRecordDaoImpl,rpAccountHistoryService,rpAccountQueryService,rpAccountService,rpAccountTransactionService,rpSettHandleService,rpSettQueryService,rpNotifyRecordDao,rpNotifyRecordLogDao,rpNotifyService,pmsMenuDao,pmsRoleMenuDao,pmsOperatorDaoImpl,pmsOperatorLogDaoImpl,pmsOperatorRoleDaoImpl,pmsPermissionDaoImpl,pmsRoleDaoImpl,pmsRolePermissionDaoImpl,pmsMenuRoleService,pmsMenuService,pmsOperatorLogService,pmsOperatorRoleService,pmsOperatorService,pmsPermissionService,pmsRolePermissionService,pmsRoleService,rpAccountCheckBatchDaoImpl,rpAccountCheckMistakeDaoImpl,rpAccountCheckMistakeScratchPoolDaoImpl,reconciliationFactory,rpAccountCheckBatchService,rpAccountCheckMistakeScratchPoolService,rpAccountCheckMistakeService,rpAccountCheckTransactionService,rpTradePaymentOrderDao,rpTradePaymentRecordDao,rpTradePaymentManagerService,rpTradePaymentQueryService,rpTradeReconciliationService,buildNoDaoImpl,rpPayProductDaoImpl,rpPayWayDaoImpl,rpUserBankAccountDaoImpl,rpUserInfoDaoImpl,rpUserPayConfigDaoImpl,rpUserPayInfoDaoImpl,buildNoService,rpPayProductService,rpPayWayService,rpUserBankAccountService,rpUserInfoService,rpUserPayConfigService,rpUserPayInfoService,propertyConfigurer,sqlSessionFactory,sessionTemplate,transactionManager,org.springframework.transaction.annotation.AnnotationTransactionAttributeSource#0,org.springframework.transaction.interceptor.TransactionInterceptor#0,org.springframework.transaction.config.internalTransactionAdvisor,jmsTemplate,targetConnectionFactory,pooledConnectionFactory,connectionFactory,queueDestination,pollingMessageListener,jmsContainer,WEIXIN,ALIPAY,threadPool,pollingParam,org.springframework.context.annotation.ConfigurationClassPostProcessor.importAwareProcessor]; root of factory hierarchy
[INFO ][20180413 16:04:59,165][DruidDataSource:722] {dataSource-1} inited
[INFO ][20180413 16:04:59,987][DefaultSingletonBeanRegistry:444] Destroying singletons in org.springframework.beans.factory.support.DefaultListableBeanFactory@51c8530f: defining beans [org.springframework.context.annotation.internalConfigurationAnnotationProcessor,org.springframework.context.annotation.internalAutowiredAnnotationProcessor,org.springframework.context.annotation.internalRequiredAnnotationProcessor,org.springframework.context.annotation.internalCommonAnnotationProcessor,pollingPersist,pollingQueue,org.springframework.aop.config.internalAutoProxyCreator,dataSource,rpAccountDaoImpl,rpAccountHistoryDaoImpl,rpSettDailyCollectDaoImpl,rpSettRecordAnnexDaoImpl,rpSettRecordDaoImpl,rpAccountHistoryService,rpAccountQueryService,rpAccountService,rpAccountTransactionService,rpSettHandleService,rpSettQueryService,rpNotifyRecordDao,rpNotifyRecordLogDao,rpNotifyService,pmsMenuDao,pmsRoleMenuDao,pmsOperatorDaoImpl,pmsOperatorLogDaoImpl,pmsOperatorRoleDaoImpl,pmsPermissionDaoImpl,pmsRoleDaoImpl,pmsRolePermissionDaoImpl,pmsMenuRoleService,pmsMenuService,pmsOperatorLogService,pmsOperatorRoleService,pmsOperatorService,pmsPermissionService,pmsRolePermissionService,pmsRoleService,rpAccountCheckBatchDaoImpl,rpAccountCheckMistakeDaoImpl,rpAccountCheckMistakeScratchPoolDaoImpl,reconciliationFactory,rpAccountCheckBatchService,rpAccountCheckMistakeScratchPoolService,rpAccountCheckMistakeService,rpAccountCheckTransactionService,rpTradePaymentOrderDao,rpTradePaymentRecordDao,rpTradePaymentManagerService,rpTradePaymentQueryService,rpTradeReconciliationService,buildNoDaoImpl,rpPayProductDaoImpl,rpPayWayDaoImpl,rpUserBankAccountDaoImpl,rpUserInfoDaoImpl,rpUserPayConfigDaoImpl,rpUserPayInfoDaoImpl,buildNoService,rpPayProductService,rpPayWayService,rpUserBankAccountService,rpUserInfoService,rpUserPayConfigService,rpUserPayInfoService,propertyConfigurer,sqlSessionFactory,sessionTemplate,transactionManager,org.springframework.transaction.annotation.AnnotationTransactionAttributeSource#0,org.springframework.transaction.interceptor.TransactionInterceptor#0,org.springframework.transaction.config.internalTransactionAdvisor,jmsTemplate,targetConnectionFactory,pooledConnectionFactory,connectionFactory,queueDestination,pollingMessageListener,jmsContainer,WEIXIN,ALIPAY,threadPool,pollingParam,org.springframework.context.annotation.ConfigurationClassPostProcessor.importAwareProcessor]; root of factory hierarchy
[WARN ][20180413 16:05:00,010][DisposableBeanAdapter:337] Invocation of destroy method 'close' failed on bean with name 'sessionTemplate': java.lang.UnsupportedOperationException: Manual close is not allowed over a Spring managed SqlSession
[ERROR][20180413 16:05:00,013][App:57] == application start error:
org.springframework.beans.factory.BeanCreationException: Error creating bean with name 'pollingPersist': Injection of autowired dependencies failed; nested exception is org.springframework.beans.factory.BeanCreationException: Could not autowire field: private com.roncoo.pay.trade.service.RpTradePaymentManagerService com.roncoo.pay.app.polling.core.PollingPersist.rpTradePaymentManagerService; nested exception is org.springframework.beans.factory.BeanCreationException: Error creating bean with name 'rpTradePaymentManagerService': Injection of autowired dependencies failed; nested exception is org.springframework.beans.factory.BeanCreationException: Could not autowire field: private com.roncoo.pay.notify.service.RpNotifyService com.roncoo.pay.trade.service.impl.RpTradePaymentManagerServiceImpl.rpNotifyService; nested exception is org.springframework.beans.factory.BeanCreationException: Error creating bean with name 'rpNotifyService': Injection of resource dependencies failed; nested exception is org.springframework.beans.factory.BeanCreationException: Error creating bean with name 'jmsTemplate' defined in class path resource [spring/spring-activemq.xml]: Cannot resolve reference to bean 'connectionFactory' while setting bean property 'connectionFactory'; nested exception is org.springframework.beans.factory.BeanCreationException: Error creating bean with name 'connectionFactory' defined in class path resource [spring/spring-activemq.xml]: Cannot resolve reference to bean 'pooledConnectionFactory' while setting bean property 'targetConnectionFactory'; nested exception is org.springframework.beans.factory.BeanCreationException: Error creating bean with name 'pooledConnectionFactory' defined in class path resource [spring/spring-activemq.xml]: Cannot resolve reference to bean 'targetConnectionFactory' while setting bean property 'connectionFactory'; nested exception is org.springframework.beans.factory.BeanCreationException: Error creating bean with name 'targetConnectionFactory' defined in class path resource [spring/spring-activemq.xml]: Error setting property values; nested exception is org.springframework.beans.PropertyBatchUpdateException; nested PropertyAccessExceptions (1) are:
PropertyAccessException 1: org.springframework.beans.MethodInvocationException: Property 'brokerURL' threw exception; nested exception is java.lang.IllegalArgumentException: Invalid broker URI: tcp://###:61616
	at org.springframework.beans.factory.annotation.AutowiredAnnotationBeanPostProcessor.postProcessPropertyValues(AutowiredAnnotationBeanPostProcessor.java:288)
	at org.springframework.beans.factory.support.AbstractAutowireCapableBeanFactory.populateBean(AbstractAutowireCapableBeanFactory.java:1116)
	at org.springframework.beans.factory.support.AbstractAutowireCapableBeanFactory.doCreateBean(AbstractAutowireCapableBeanFactory.java:519)
	at org.springframework.beans.factory.support.AbstractAutowireCapableBeanFactory.createBean(AbstractAutowireCapableBeanFactory.java:458)
	at org.springframework.beans.factory.support.AbstractBeanFactory$1.getObject(AbstractBeanFactory.java:295)
	at org.springframework.beans.factory.support.DefaultSingletonBeanRegistry.getSingleton(DefaultSingletonBeanRegistry.java:223)
	at org.springframework.beans.factory.support.AbstractBeanFactory.doGetBean(AbstractBeanFactory.java:292)
	at org.springframework.beans.factory.support.AbstractBeanFactory.getBean(AbstractBeanFactory.java:194)
	at org.springframework.beans.factory.support.DefaultListableBeanFactory.preInstantiateSingletons(DefaultListableBeanFactory.java:628)
	at org.springframework.context.support.AbstractApplicationContext.finishBeanFactoryInitialization(AbstractApplicationContext.java:932)
	at org.springframework.context.support.AbstractApplicationContext.refresh(AbstractApplicationContext.java:479)
	at org.springframework.context.support.ClassPathXmlApplicationContext.<init>(ClassPathXmlApplicationContext.java:139)
	at org.springframework.context.support.ClassPathXmlApplicationContext.<init>(ClassPathXmlApplicationContext.java:93)
	at com.roncoo.pay.app.polling.App.main(App.java:48)
Caused by: org.springframework.beans.factory.BeanCreationException: Could not autowire field: private com.roncoo.pay.trade.service.RpTradePaymentManagerService com.roncoo.pay.app.polling.core.PollingPersist.rpTradePaymentManagerService; nested exception is org.springframework.beans.factory.BeanCreationException: Error creating bean with name 'rpTradePaymentManagerService': Injection of autowired dependencies failed; nested exception is org.springframework.beans.factory.BeanCreationException: Could not autowire field: private com.roncoo.pay.notify.service.RpNotifyService com.roncoo.pay.trade.service.impl.RpTradePaymentManagerServiceImpl.rpNotifyService; nested exception is org.springframework.beans.factory.BeanCreationException: Error creating bean with name 'rpNotifyService': Injection of resource dependencies failed; nested exception is org.springframework.beans.factory.BeanCreationException: Error creating bean with name 'jmsTemplate' defined in class path resource [spring/spring-activemq.xml]: Cannot resolve reference to bean 'connectionFactory' while setting bean property 'connectionFactory'; nested exception is org.springframework.beans.factory.BeanCreationException: Error creating bean with name 'connectionFactory' defined in class path resource [spring/spring-activemq.xml]: Cannot resolve reference to bean 'pooledConnectionFactory' while setting bean property 'targetConnectionFactory'; nested exception is org.springframework.beans.factory.BeanCreationException: Error creating bean with name 'pooledConnectionFactory' defined in class path resource [spring/spring-activemq.xml]: Cannot resolve reference to bean 'targetConnectionFactory' while setting bean property 'connectionFactory'; nested exception is org.springframework.beans.factory.BeanCreationException: Error creating bean with name 'targetConnectionFactory' defined in class path resource [spring/spring-activemq.xml]: Error setting property values; nested exception is org.springframework.beans.PropertyBatchUpdateException; nested PropertyAccessExceptions (1) are:
PropertyAccessException 1: org.springframework.beans.MethodInvocationException: Property 'brokerURL' threw exception; nested exception is java.lang.IllegalArgumentException: Invalid broker URI: tcp://###:61616
	at org.springframework.beans.factory.annotation.AutowiredAnnotationBeanPostProcessor$AutowiredFieldElement.inject(AutowiredAnnotationBeanPostProcessor.java:514)
	at org.springframework.beans.factory.annotation.InjectionMetadata.inject(InjectionMetadata.java:87)
	at org.springframework.beans.factory.annotation.AutowiredAnnotationBeanPostProcessor.postProcessPropertyValues(AutowiredAnnotationBeanPostProcessor.java:285)
	... 13 more
Caused by: org.springframework.beans.factory.BeanCreationException: Error creating bean with name 'rpTradePaymentManagerService': Injection of autowired dependencies failed; nested exception is org.springframework.beans.factory.BeanCreationException: Could not autowire field: private com.roncoo.pay.notify.service.RpNotifyService com.roncoo.pay.trade.service.impl.RpTradePaymentManagerServiceImpl.rpNotifyService; nested exception is org.springframework.beans.factory.BeanCreationException: Error creating bean with name 'rpNotifyService': Injection of resource dependencies failed; nested exception is org.springframework.beans.factory.BeanCreationException: Error creating bean with name 'jmsTemplate' defined in class path resource [spring/spring-activemq.xml]: Cannot resolve reference to bean 'connectionFactory' while setting bean property 'connectionFactory'; nested exception is org.springframework.beans.factory.BeanCreationException: Error creating bean with name 'connectionFactory' defined in class path resource [spring/spring-activemq.xml]: Cannot resolve reference to bean 'pooledConnectionFactory' while setting bean property 'targetConnectionFactory'; nested exception is org.springframework.beans.factory.BeanCreationException: Error creating bean with name 'pooledConnectionFactory' defined in class path resource [spring/spring-activemq.xml]: Cannot resolve reference to bean 'targetConnectionFactory' while setting bean property 'connectionFactory'; nested exception is org.springframework.beans.factory.BeanCreationException: Error creating bean with name 'targetConnectionFactory' defined in class path resource [spring/spring-activemq.xml]: Error setting property values; nested exception is org.springframework.beans.PropertyBatchUpdateException; nested PropertyAccessExceptions (1) are:
PropertyAccessException 1: org.springframework.beans.MethodInvocationException: Property 'brokerURL' threw exception; nested exception is java.lang.IllegalArgumentException: Invalid broker URI: tcp://###:61616
	at org.springframework.beans.factory.annotation.AutowiredAnnotationBeanPostProcessor.postProcessPropertyValues(AutowiredAnnotationBeanPostProcessor.java:288)
	at org.springframework.beans.factory.support.AbstractAutowireCapableBeanFactory.populateBean(AbstractAutowireCapableBeanFactory.java:1116)
	at org.springframework.beans.factory.support.AbstractAutowireCapableBeanFactory.doCreateBean(AbstractAutowireCapableBeanFactory.java:519)
	at org.springframework.beans.factory.support.AbstractAutowireCapableBeanFactory.createBean(AbstractAutowireCapableBeanFactory.java:458)
	at org.springframework.beans.factory.support.AbstractBeanFactory$1.getObject(AbstractBeanFactory.java:295)
	at org.springframework.beans.factory.support.DefaultSingletonBeanRegistry.getSingleton(DefaultSingletonBeanRegistry.java:223)
	at org.springframework.beans.factory.support.AbstractBeanFactory.doGetBean(AbstractBeanFactory.java:292)
	at org.springframework.beans.factory.support.AbstractBeanFactory.getBean(AbstractBeanFactory.java:194)
	at org.springframework.beans.factory.support.DefaultListableBeanFactory.findAutowireCandidates(DefaultListableBeanFactory.java:912)
	at org.springframework.beans.factory.support.DefaultListableBeanFactory.doResolveDependency(DefaultListableBeanFactory.java:855)
	at org.springframework.beans.factory.support.DefaultListableBeanFactory.resolveDependency(DefaultListableBeanFactory.java:770)
	at org.springframework.beans.factory.annotation.AutowiredAnnotationBeanPostProcessor$AutowiredFieldElement.inject(AutowiredAnnotationBeanPostProcessor.java:486)
	... 15 more
Caused by: org.springframework.beans.factory.BeanCreationException: Could not autowire field: private com.roncoo.pay.notify.service.RpNotifyService com.roncoo.pay.trade.service.impl.RpTradePaymentManagerServiceImpl.rpNotifyService; nested exception is org.springframework.beans.factory.BeanCreationException: Error creating bean with name 'rpNotifyService': Injection of resource dependencies failed; nested exception is org.springframework.beans.factory.BeanCreationException: Error creating bean with name 'jmsTemplate' defined in class path resource [spring/spring-activemq.xml]: Cannot resolve reference to bean 'connectionFactory' while setting bean property 'connectionFactory'; nested exception is org.springframework.beans.factory.BeanCreationException: Error creating bean with name 'connectionFactory' defined in class path resource [spring/spring-activemq.xml]: Cannot resolve reference to bean 'pooledConnectionFactory' while setting bean property 'targetConnectionFactory'; nested exception is org.springframework.beans.factory.BeanCreationException: Error creating bean with name 'pooledConnectionFactory' defined in class path resource [spring/spring-activemq.xml]: Cannot resolve reference to bean 'targetConnectionFactory' while setting bean property 'connectionFactory'; nested exception is org.springframework.beans.factory.BeanCreationException: Error creating bean with name 'targetConnectionFactory' defined in class path resource [spring/spring-activemq.xml]: Error setting property values; nested exception is org.springframework.beans.PropertyBatchUpdateException; nested PropertyAccessExceptions (1) are:
PropertyAccessException 1: org.springframework.beans.MethodInvocationException: Property 'brokerURL' threw exception; nested exception is java.lang.IllegalArgumentException: Invalid broker URI: tcp://###:61616
	at org.springframework.beans.factory.annotation.AutowiredAnnotationBeanPostProcessor$AutowiredFieldElement.inject(AutowiredAnnotationBeanPostProcessor.java:514)
	at org.springframework.beans.factory.annotation.InjectionMetadata.inject(InjectionMetadata.java:87)
	at org.springframework.beans.factory.annotation.AutowiredAnnotationBeanPostProcessor.postProcessPropertyValues(AutowiredAnnotationBeanPostProcessor.java:285)
	... 26 more
Caused by: org.springframework.beans.factory.BeanCreationException: Error creating bean with name 'rpNotifyService': Injection of resource dependencies failed; nested exception is org.springframework.beans.factory.BeanCreationException: Error creating bean with name 'jmsTemplate' defined in class path resource [spring/spring-activemq.xml]: Cannot resolve reference to bean 'connectionFactory' while setting bean property 'connectionFactory'; nested exception is org.springframework.beans.factory.BeanCreationException: Error creating bean with name 'connectionFactory' defined in class path resource [spring/spring-activemq.xml]: Cannot resolve reference to bean 'pooledConnectionFactory' while setting bean property 'targetConnectionFactory'; nested exception is org.springframework.beans.factory.BeanCreationException: Error creating bean with name 'pooledConnectionFactory' defined in class path resource [spring/spring-activemq.xml]: Cannot resolve reference to bean 'targetConnectionFactory' while setting bean property 'connectionFactory'; nested exception is org.springframework.beans.factory.BeanCreationException: Error creating bean with name 'targetConnectionFactory' defined in class path resource [spring/spring-activemq.xml]: Error setting property values; nested exception is org.springframework.beans.PropertyBatchUpdateException; nested PropertyAccessExceptions (1) are:
PropertyAccessException 1: org.springframework.beans.MethodInvocationException: Property 'brokerURL' threw exception; nested exception is java.lang.IllegalArgumentException: Invalid broker URI: tcp://###:61616
	at org.springframework.context.annotation.CommonAnnotationBeanPostProcessor.postProcessPropertyValues(CommonAnnotationBeanPostProcessor.java:306)
	at org.springframework.beans.factory.support.AbstractAutowireCapableBeanFactory.populateBean(AbstractAutowireCapableBeanFactory.java:1116)
	at org.springframework.beans.factory.support.AbstractAutowireCapableBeanFactory.doCreateBean(AbstractAutowireCapableBeanFactory.java:519)
	at org.springframework.beans.factory.support.AbstractAutowireCapableBeanFactory.createBean(AbstractAutowireCapableBeanFactory.java:458)
	at org.springframework.beans.factory.support.AbstractBeanFactory$1.getObject(AbstractBeanFactory.java:295)
	at org.springframework.beans.factory.support.DefaultSingletonBeanRegistry.getSingleton(DefaultSingletonBeanRegistry.java:223)
	at org.springframework.beans.factory.support.AbstractBeanFactory.doGetBean(AbstractBeanFactory.java:292)
	at org.springframework.beans.factory.support.AbstractBeanFactory.getBean(AbstractBeanFactory.java:194)
	at org.springframework.beans.factory.support.DefaultListableBeanFactory.findAutowireCandidates(DefaultListableBeanFactory.java:912)
	at org.springframework.beans.factory.support.DefaultListableBeanFactory.doResolveDependency(DefaultListableBeanFactory.java:855)
	at org.springframework.beans.factory.support.DefaultListableBeanFactory.resolveDependency(DefaultListableBeanFactory.java:770)
	at org.springframework.beans.factory.annotation.AutowiredAnnotationBeanPostProcessor$AutowiredFieldElement.inject(AutowiredAnnotationBeanPostProcessor.java:486)
	... 28 more
Caused by: org.springframework.beans.factory.BeanCreationException: Error creating bean with name 'jmsTemplate' defined in class path resource [spring/spring-activemq.xml]: Cannot resolve reference to bean 'connectionFactory' while setting bean property 'connectionFactory'; nested exception is org.springframework.beans.factory.BeanCreationException: Error creating bean with name 'connectionFactory' defined in class path resource [spring/spring-activemq.xml]: Cannot resolve reference to bean 'pooledConnectionFactory' while setting bean property 'targetConnectionFactory'; nested exception is org.springframework.beans.factory.BeanCreationException: Error creating bean with name 'pooledConnectionFactory' defined in class path resource [spring/spring-activemq.xml]: Cannot resolve reference to bean 'targetConnectionFactory' while setting bean property 'connectionFactory'; nested exception is org.springframework.beans.factory.BeanCreationException: Error creating bean with name 'targetConnectionFactory' defined in class path resource [spring/spring-activemq.xml]: Error setting property values; nested exception is org.springframework.beans.PropertyBatchUpdateException; nested PropertyAccessExceptions (1) are:
PropertyAccessException 1: org.springframework.beans.MethodInvocationException: Property 'brokerURL' threw exception; nested exception is java.lang.IllegalArgumentException: Invalid broker URI: tcp://###:61616
	at org.springframework.beans.factory.support.BeanDefinitionValueResolver.resolveReference(BeanDefinitionValueResolver.java:329)
	at org.springframework.beans.factory.support.BeanDefinitionValueResolver.resolveValueIfNecessary(BeanDefinitionValueResolver.java:107)
	at org.springframework.beans.factory.support.AbstractAutowireCapableBeanFactory.applyPropertyValues(AbstractAutowireCapableBeanFactory.java:1387)
	at org.springframework.beans.factory.support.AbstractAutowireCapableBeanFactory.populateBean(AbstractAutowireCapableBeanFactory.java:1128)
	at org.springframework.beans.factory.support.AbstractAutowireCapableBeanFactory.doCreateBean(AbstractAutowireCapableBeanFactory.java:519)
	at org.springframework.beans.factory.support.AbstractAutowireCapableBeanFactory.createBean(AbstractAutowireCapableBeanFactory.java:458)
	at org.springframework.beans.factory.support.AbstractBeanFactory$1.getObject(AbstractBeanFactory.java:295)
	at org.springframework.beans.factory.support.DefaultSingletonBeanRegistry.getSingleton(DefaultSingletonBeanRegistry.java:223)
	at org.springframework.beans.factory.support.AbstractBeanFactory.doGetBean(AbstractBeanFactory.java:292)
	at org.springframework.beans.factory.support.AbstractBeanFactory.getBean(AbstractBeanFactory.java:198)
	at org.springframework.context.annotation.CommonAnnotationBeanPostProcessor.autowireResource(CommonAnnotationBeanPostProcessor.java:442)
	at org.springframework.context.annotation.CommonAnnotationBeanPostProcessor.getResource(CommonAnnotationBeanPostProcessor.java:416)
	at org.springframework.context.annotation.CommonAnnotationBeanPostProcessor$ResourceElement.getResourceToInject(CommonAnnotationBeanPostProcessor.java:550)
	at org.springframework.beans.factory.annotation.InjectionMetadata$InjectedElement.inject(InjectionMetadata.java:150)
	at org.springframework.beans.factory.annotation.InjectionMetadata.inject(InjectionMetadata.java:87)
	at org.springframework.context.annotation.CommonAnnotationBeanPostProcessor.postProcessPropertyValues(CommonAnnotationBeanPostProcessor.java:303)
	... 39 more
Caused by: org.springframework.beans.factory.BeanCreationException: Error creating bean with name 'connectionFactory' defined in class path resource [spring/spring-activemq.xml]: Cannot resolve reference to bean 'pooledConnectionFactory' while setting bean property 'targetConnectionFactory'; nested exception is org.springframework.beans.factory.BeanCreationException: Error creating bean with name 'pooledConnectionFactory' defined in class path resource [spring/spring-activemq.xml]: Cannot resolve reference to bean 'targetConnectionFactory' while setting bean property 'connectionFactory'; nested exception is org.springframework.beans.factory.BeanCreationException: Error creating bean with name 'targetConnectionFactory' defined in class path resource [spring/spring-activemq.xml]: Error setting property values; nested exception is org.springframework.beans.PropertyBatchUpdateException; nested PropertyAccessExceptions (1) are:
PropertyAccessException 1: org.springframework.beans.MethodInvocationException: Property 'brokerURL' threw exception; nested exception is java.lang.IllegalArgumentException: Invalid broker URI: tcp://###:61616
	at org.springframework.beans.factory.support.BeanDefinitionValueResolver.resolveReference(BeanDefinitionValueResolver.java:329)
	at org.springframework.beans.factory.support.BeanDefinitionValueResolver.resolveValueIfNecessary(BeanDefinitionValueResolver.java:107)
	at org.springframework.beans.factory.support.AbstractAutowireCapableBeanFactory.applyPropertyValues(AbstractAutowireCapableBeanFactory.java:1387)
	at org.springframework.beans.factory.support.AbstractAutowireCapableBeanFactory.populateBean(AbstractAutowireCapableBeanFactory.java:1128)
	at org.springframework.beans.factory.support.AbstractAutowireCapableBeanFactory.doCreateBean(AbstractAutowireCapableBeanFactory.java:519)
	at org.springframework.beans.factory.support.AbstractAutowireCapableBeanFactory.createBean(AbstractAutowireCapableBeanFactory.java:458)
	at org.springframework.beans.factory.support.AbstractBeanFactory$1.getObject(AbstractBeanFactory.java:295)
	at org.springframework.beans.factory.support.DefaultSingletonBeanRegistry.getSingleton(DefaultSingletonBeanRegistry.java:223)
	at org.springframework.beans.factory.support.AbstractBeanFactory.doGetBean(AbstractBeanFactory.java:292)
	at org.springframework.beans.factory.support.AbstractBeanFactory.getBean(AbstractBeanFactory.java:194)
	at org.springframework.beans.factory.support.BeanDefinitionValueResolver.resolveReference(BeanDefinitionValueResolver.java:323)
	... 54 more
Caused by: org.springframework.beans.factory.BeanCreationException: Error creating bean with name 'pooledConnectionFactory' defined in class path resource [spring/spring-activemq.xml]: Cannot resolve reference to bean 'targetConnectionFactory' while setting bean property 'connectionFactory'; nested exception is org.springframework.beans.factory.BeanCreationException: Error creating bean with name 'targetConnectionFactory' defined in class path resource [spring/spring-activemq.xml]: Error setting property values; nested exception is org.springframework.beans.PropertyBatchUpdateException; nested PropertyAccessExceptions (1) are:
PropertyAccessException 1: org.springframework.beans.MethodInvocationException: Property 'brokerURL' threw exception; nested exception is java.lang.IllegalArgumentException: Invalid broker URI: tcp://###:61616
	at org.springframework.beans.factory.support.BeanDefinitionValueResolver.resolveReference(BeanDefinitionValueResolver.java:329)
	at org.springframework.beans.factory.support.BeanDefinitionValueResolver.resolveValueIfNecessary(BeanDefinitionValueResolver.java:107)
	at org.springframework.beans.factory.support.AbstractAutowireCapableBeanFactory.applyPropertyValues(AbstractAutowireCapableBeanFactory.java:1387)
	at org.springframework.beans.factory.support.AbstractAutowireCapableBeanFactory.populateBean(AbstractAutowireCapableBeanFactory.java:1128)
	at org.springframework.beans.factory.support.AbstractAutowireCapableBeanFactory.doCreateBean(AbstractAutowireCapableBeanFactory.java:519)
	at org.springframework.beans.factory.support.AbstractAutowireCapableBeanFactory.createBean(AbstractAutowireCapableBeanFactory.java:458)
	at org.springframework.beans.factory.support.AbstractBeanFactory$1.getObject(AbstractBeanFactory.java:295)
	at org.springframework.beans.factory.support.DefaultSingletonBeanRegistry.getSingleton(DefaultSingletonBeanRegistry.java:223)
	at org.springframework.beans.factory.support.AbstractBeanFactory.doGetBean(AbstractBeanFactory.java:292)
	at org.springframework.beans.factory.support.AbstractBeanFactory.getBean(AbstractBeanFactory.java:194)
	at org.springframework.beans.factory.support.BeanDefinitionValueResolver.resolveReference(BeanDefinitionValueResolver.java:323)
	... 64 more
Caused by: org.springframework.beans.factory.BeanCreationException: Error creating bean with name 'targetConnectionFactory' defined in class path resource [spring/spring-activemq.xml]: Error setting property values; nested exception is org.springframework.beans.PropertyBatchUpdateException; nested PropertyAccessExceptions (1) are:
PropertyAccessException 1: org.springframework.beans.MethodInvocationException: Property 'brokerURL' threw exception; nested exception is java.lang.IllegalArgumentException: Invalid broker URI: tcp://###:61616
	at org.springframework.beans.factory.support.AbstractAutowireCapableBeanFactory.applyPropertyValues(AbstractAutowireCapableBeanFactory.java:1423)
	at org.springframework.beans.factory.support.AbstractAutowireCapableBeanFactory.populateBean(AbstractAutowireCapableBeanFactory.java:1128)
	at org.springframework.beans.factory.support.AbstractAutowireCapableBeanFactory.doCreateBean(AbstractAutowireCapableBeanFactory.java:519)
	at org.springframework.beans.factory.support.AbstractAutowireCapableBeanFactory.createBean(AbstractAutowireCapableBeanFactory.java:458)
	at org.springframework.beans.factory.support.AbstractBeanFactory$1.getObject(AbstractBeanFactory.java:295)
	at org.springframework.beans.factory.support.DefaultSingletonBeanRegistry.getSingleton(DefaultSingletonBeanRegistry.java:223)
	at org.springframework.beans.factory.support.AbstractBeanFactory.doGetBean(AbstractBeanFactory.java:292)
	at org.springframework.beans.factory.support.AbstractBeanFactory.getBean(AbstractBeanFactory.java:194)
	at org.springframework.beans.factory.support.BeanDefinitionValueResolver.resolveReference(BeanDefinitionValueResolver.java:323)
	... 74 more
Caused by: org.springframework.beans.PropertyBatchUpdateException; nested PropertyAccessExceptions (1) are:
PropertyAccessException 1: org.springframework.beans.MethodInvocationException: Property 'brokerURL' threw exception; nested exception is java.lang.IllegalArgumentException: Invalid broker URI: tcp://###:61616
	at org.springframework.beans.AbstractPropertyAccessor.setPropertyValues(AbstractPropertyAccessor.java:101)
	at org.springframework.beans.AbstractPropertyAccessor.setPropertyValues(AbstractPropertyAccessor.java:57)
	at org.springframework.beans.factory.support.AbstractAutowireCapableBeanFactory.applyPropertyValues(AbstractAutowireCapableBeanFactory.java:1420)
	... 82 more
